{"/Users/carlosrodolfosantos/Documents/cursos/rocketseat/gostack/new_jorney/gobarber/app/appgobarber/src/components/Button/index.tsx": {"path":"/Users/carlosrodolfosantos/Documents/cursos/rocketseat/gostack/new_jorney/gobarber/app/appgobarber/src/components/Button/index.tsx","statementMap":{"0":{"start":{"line":9,"column":38},"end":{"line":15,"column":1}},"1":{"start":{"line":10,"column":2},"end":{"line":14,"column":4}}},"fnMap":{"0":{"name":"(anonymous_0)","decl":{"start":{"line":9,"column":38},"end":{"line":9,"column":39}},"loc":{"start":{"line":9,"column":65},"end":{"line":15,"column":1}},"line":9},"1":{"name":"(anonymous_1)","decl":{"start":{"line":12,"column":27},"end":{"line":12,"column":28}},"loc":{"start":{"line":12,"column":33},"end":{"line":12,"column":35}},"line":12}},"branchMap":{},"s":{"0":1,"1":1},"f":{"0":1,"1":0},"b":{},"_coverageSchema":"1a1c01bbd47fc00a2c39e90264f33305004495a9","hash":"81ac63da487470513e36a67946fb859f8224b5cd"}
,"/Users/carlosrodolfosantos/Documents/cursos/rocketseat/gostack/new_jorney/gobarber/app/appgobarber/src/components/Header/index.tsx": {"path":"/Users/carlosrodolfosantos/Documents/cursos/rocketseat/gostack/new_jorney/gobarber/app/appgobarber/src/components/Header/index.tsx","statementMap":{"0":{"start":{"line":6,"column":25},"end":{"line":8,"column":1}},"1":{"start":{"line":7,"column":2},"end":{"line":7,"column":18}}},"fnMap":{"0":{"name":"(anonymous_0)","decl":{"start":{"line":6,"column":25},"end":{"line":6,"column":26}},"loc":{"start":{"line":6,"column":31},"end":{"line":8,"column":1}},"line":6}},"branchMap":{},"s":{"0":0,"1":0},"f":{"0":0},"b":{}}
,"/Users/carlosrodolfosantos/Documents/cursos/rocketseat/gostack/new_jorney/gobarber/app/appgobarber/src/components/Input/index.tsx": {"path":"/Users/carlosrodolfosantos/Documents/cursos/rocketseat/gostack/new_jorney/gobarber/app/appgobarber/src/components/Input/index.tsx","statementMap":{"0":{"start":{"line":28,"column":68},"end":{"line":91,"column":1}},"1":{"start":{"line":32,"column":26},"end":{"line":32,"column":43}},"2":{"start":{"line":33,"column":65},"end":{"line":33,"column":79}},"3":{"start":{"line":34,"column":24},"end":{"line":34,"column":76}},"4":{"start":{"line":36,"column":36},"end":{"line":36,"column":51}},"5":{"start":{"line":37,"column":34},"end":{"line":37,"column":49}},"6":{"start":{"line":39,"column":27},"end":{"line":41,"column":8}},"7":{"start":{"line":40,"column":4},"end":{"line":40,"column":23}},"8":{"start":{"line":43,"column":26},"end":{"line":46,"column":8}},"9":{"start":{"line":44,"column":4},"end":{"line":44,"column":24}},"10":{"start":{"line":45,"column":4},"end":{"line":45,"column":47}},"11":{"start":{"line":48,"column":2},"end":{"line":52,"column":6}},"12":{"start":{"line":48,"column":34},"end":{"line":52,"column":3}},"13":{"start":{"line":50,"column":6},"end":{"line":50,"column":38}},"14":{"start":{"line":54,"column":2},"end":{"line":68,"column":33}},"15":{"start":{"line":55,"column":4},"end":{"line":67,"column":7}},"16":{"start":{"line":60,"column":8},"end":{"line":60,"column":44}},"17":{"start":{"line":61,"column":8},"end":{"line":61,"column":64}},"18":{"start":{"line":64,"column":8},"end":{"line":64,"column":41}},"19":{"start":{"line":65,"column":8},"end":{"line":65,"column":40}},"20":{"start":{"line":70,"column":2},"end":{"line":90,"column":4}},"21":{"start":{"line":85,"column":10},"end":{"line":85,"column":46}}},"fnMap":{"0":{"name":"(anonymous_0)","decl":{"start":{"line":28,"column":68},"end":{"line":28,"column":69}},"loc":{"start":{"line":31,"column":5},"end":{"line":91,"column":1}},"line":31},"1":{"name":"(anonymous_1)","decl":{"start":{"line":39,"column":39},"end":{"line":39,"column":40}},"loc":{"start":{"line":39,"column":45},"end":{"line":41,"column":3}},"line":39},"2":{"name":"(anonymous_2)","decl":{"start":{"line":43,"column":38},"end":{"line":43,"column":39}},"loc":{"start":{"line":43,"column":44},"end":{"line":46,"column":3}},"line":43},"3":{"name":"(anonymous_3)","decl":{"start":{"line":48,"column":27},"end":{"line":48,"column":28}},"loc":{"start":{"line":48,"column":34},"end":{"line":52,"column":3}},"line":48},"4":{"name":"(anonymous_4)","decl":{"start":{"line":49,"column":4},"end":{"line":49,"column":5}},"loc":{"start":{"line":49,"column":12},"end":{"line":51,"column":5}},"line":49},"5":{"name":"(anonymous_5)","decl":{"start":{"line":54,"column":12},"end":{"line":54,"column":13}},"loc":{"start":{"line":54,"column":18},"end":{"line":68,"column":3}},"line":54},"6":{"name":"(anonymous_6)","decl":{"start":{"line":59,"column":6},"end":{"line":59,"column":7}},"loc":{"start":{"line":59,"column":39},"end":{"line":62,"column":7}},"line":59},"7":{"name":"(anonymous_7)","decl":{"start":{"line":63,"column":6},"end":{"line":63,"column":7}},"loc":{"start":{"line":63,"column":19},"end":{"line":66,"column":7}},"line":63},"8":{"name":"(anonymous_8)","decl":{"start":{"line":84,"column":22},"end":{"line":84,"column":23}},"loc":{"start":{"line":84,"column":31},"end":{"line":86,"column":9}},"line":84}},"branchMap":{"0":{"loc":{"start":{"line":29,"column":16},"end":{"line":29,"column":35}},"type":"default-arg","locations":[{"start":{"line":29,"column":33},"end":{"line":29,"column":35}}],"line":29},"1":{"loc":{"start":{"line":33,"column":25},"end":{"line":33,"column":42}},"type":"default-arg","locations":[{"start":{"line":33,"column":40},"end":{"line":33,"column":42}}],"line":33},"2":{"loc":{"start":{"line":75,"column":15},"end":{"line":75,"column":60}},"type":"cond-expr","locations":[{"start":{"line":75,"column":39},"end":{"line":75,"column":48}},{"start":{"line":75,"column":51},"end":{"line":75,"column":60}}],"line":75},"3":{"loc":{"start":{"line":75,"column":15},"end":{"line":75,"column":36}},"type":"binary-expr","locations":[{"start":{"line":75,"column":15},"end":{"line":75,"column":24}},{"start":{"line":75,"column":28},"end":{"line":75,"column":36}}],"line":75}},"s":{"0":1,"1":2,"2":2,"3":2,"4":2,"5":2,"6":2,"7":0,"8":2,"9":0,"10":0,"11":2,"12":1,"13":0,"14":2,"15":2,"16":0,"17":0,"18":0,"19":0,"20":2,"21":0},"f":{"0":2,"1":0,"2":0,"3":1,"4":0,"5":2,"6":0,"7":0,"8":0},"b":{"0":[2],"1":[2],"2":[0,2],"3":[2,2]},"_coverageSchema":"1a1c01bbd47fc00a2c39e90264f33305004495a9","hash":"1b935b7a63c576162fb5efb47433e721faa7bbb6"}
,"/Users/carlosrodolfosantos/Documents/cursos/rocketseat/gostack/new_jorney/gobarber/app/appgobarber/src/hooks/auth.tsx": {"path":"/Users/carlosrodolfosantos/Documents/cursos/rocketseat/gostack/new_jorney/gobarber/app/appgobarber/src/hooks/auth.tsx","statementMap":{"0":{"start":{"line":36,"column":20},"end":{"line":36,"column":73}},"1":{"start":{"line":38,"column":31},"end":{"line":99,"column":1}},"2":{"start":{"line":39,"column":26},"end":{"line":39,"column":64}},"3":{"start":{"line":40,"column":32},"end":{"line":40,"column":46}},"4":{"start":{"line":42,"column":2},"end":{"line":58,"column":9}},"5":{"start":{"line":43,"column":28},"end":{"line":55,"column":5}},"6":{"start":{"line":44,"column":36},"end":{"line":47,"column":8}},"7":{"start":{"line":49,"column":6},"end":{"line":52,"column":7}},"8":{"start":{"line":50,"column":8},"end":{"line":50,"column":63}},"9":{"start":{"line":51,"column":8},"end":{"line":51,"column":51}},"10":{"start":{"line":54,"column":6},"end":{"line":54,"column":24}},"11":{"start":{"line":57,"column":4},"end":{"line":57,"column":22}},"12":{"start":{"line":60,"column":17},"end":{"line":73,"column":8}},"13":{"start":{"line":61,"column":21},"end":{"line":64,"column":6}},"14":{"start":{"line":65,"column":28},"end":{"line":65,"column":41}},"15":{"start":{"line":67,"column":4},"end":{"line":70,"column":7}},"16":{"start":{"line":71,"column":4},"end":{"line":71,"column":59}},"17":{"start":{"line":72,"column":4},"end":{"line":72,"column":29}},"18":{"start":{"line":75,"column":18},"end":{"line":79,"column":8}},"19":{"start":{"line":76,"column":4},"end":{"line":76,"column":74}},"20":{"start":{"line":78,"column":4},"end":{"line":78,"column":30}},"21":{"start":{"line":81,"column":21},"end":{"line":90,"column":3}},"22":{"start":{"line":83,"column":6},"end":{"line":83,"column":73}},"23":{"start":{"line":84,"column":6},"end":{"line":87,"column":9}},"24":{"start":{"line":92,"column":2},"end":{"line":98,"column":4}},"25":{"start":{"line":101,"column":16},"end":{"line":109,"column":1}},"26":{"start":{"line":102,"column":18},"end":{"line":102,"column":41}},"27":{"start":{"line":104,"column":2},"end":{"line":106,"column":3}},"28":{"start":{"line":105,"column":4},"end":{"line":105,"column":66}},"29":{"start":{"line":108,"column":2},"end":{"line":108,"column":17}}},"fnMap":{"0":{"name":"(anonymous_0)","decl":{"start":{"line":38,"column":31},"end":{"line":38,"column":32}},"loc":{"start":{"line":38,"column":49},"end":{"line":99,"column":1}},"line":38},"1":{"name":"(anonymous_1)","decl":{"start":{"line":42,"column":12},"end":{"line":42,"column":13}},"loc":{"start":{"line":42,"column":18},"end":{"line":58,"column":3}},"line":42},"2":{"name":"(anonymous_2)","decl":{"start":{"line":43,"column":28},"end":{"line":43,"column":29}},"loc":{"start":{"line":43,"column":55},"end":{"line":55,"column":5}},"line":43},"3":{"name":"(anonymous_3)","decl":{"start":{"line":60,"column":29},"end":{"line":60,"column":30}},"loc":{"start":{"line":60,"column":79},"end":{"line":73,"column":3}},"line":60},"4":{"name":"(anonymous_4)","decl":{"start":{"line":75,"column":30},"end":{"line":75,"column":31}},"loc":{"start":{"line":75,"column":42},"end":{"line":79,"column":3}},"line":75},"5":{"name":"(anonymous_5)","decl":{"start":{"line":82,"column":4},"end":{"line":82,"column":5}},"loc":{"start":{"line":82,"column":26},"end":{"line":88,"column":5}},"line":82},"6":{"name":"(anonymous_6)","decl":{"start":{"line":101,"column":16},"end":{"line":101,"column":17}},"loc":{"start":{"line":101,"column":39},"end":{"line":109,"column":1}},"line":101}},"branchMap":{"0":{"loc":{"start":{"line":49,"column":6},"end":{"line":52,"column":7}},"type":"if","locations":[{"start":{"line":49,"column":6},"end":{"line":52,"column":7}},{"start":{"line":49,"column":6},"end":{"line":52,"column":7}}],"line":49},"1":{"loc":{"start":{"line":49,"column":10},"end":{"line":49,"column":23}},"type":"binary-expr","locations":[{"start":{"line":49,"column":10},"end":{"line":49,"column":15}},{"start":{"line":49,"column":19},"end":{"line":49,"column":23}}],"line":49},"2":{"loc":{"start":{"line":104,"column":2},"end":{"line":106,"column":3}},"type":"if","locations":[{"start":{"line":104,"column":2},"end":{"line":106,"column":3}},{"start":{"line":104,"column":2},"end":{"line":106,"column":3}}],"line":104}},"s":{"0":1,"1":1,"2":0,"3":0,"4":0,"5":0,"6":0,"7":0,"8":0,"9":0,"10":0,"11":0,"12":0,"13":0,"14":0,"15":0,"16":0,"17":0,"18":0,"19":0,"20":0,"21":0,"22":0,"23":0,"24":0,"25":1,"26":1,"27":1,"28":0,"29":1},"f":{"0":0,"1":0,"2":0,"3":0,"4":0,"5":0,"6":1},"b":{"0":[0,0],"1":[0,0],"2":[0,1]},"_coverageSchema":"1a1c01bbd47fc00a2c39e90264f33305004495a9","hash":"85640a5ce34155f519c3608863eddb4831f39d31"}
,"/Users/carlosrodolfosantos/Documents/cursos/rocketseat/gostack/new_jorney/gobarber/app/appgobarber/src/pages/AppointmentCreated/index.tsx": {"path":"/Users/carlosrodolfosantos/Documents/cursos/rocketseat/gostack/new_jorney/gobarber/app/appgobarber/src/pages/AppointmentCreated/index.tsx","statementMap":{"0":{"start":{"line":18,"column":37},"end":{"line":50,"column":1}},"1":{"start":{"line":19,"column":20},"end":{"line":19,"column":35}},"2":{"start":{"line":20,"column":21},"end":{"line":20,"column":31}},"3":{"start":{"line":22,"column":22},"end":{"line":22,"column":43}},"4":{"start":{"line":24,"column":26},"end":{"line":29,"column":13}},"5":{"start":{"line":25,"column":4},"end":{"line":28,"column":7}},"6":{"start":{"line":31,"column":24},"end":{"line":37,"column":24}},"7":{"start":{"line":32,"column":4},"end":{"line":36,"column":6}},"8":{"start":{"line":39,"column":2},"end":{"line":49,"column":4}}},"fnMap":{"0":{"name":"(anonymous_0)","decl":{"start":{"line":18,"column":37},"end":{"line":18,"column":38}},"loc":{"start":{"line":18,"column":43},"end":{"line":50,"column":1}},"line":18},"1":{"name":"(anonymous_1)","decl":{"start":{"line":24,"column":38},"end":{"line":24,"column":39}},"loc":{"start":{"line":24,"column":44},"end":{"line":29,"column":3}},"line":24},"2":{"name":"(anonymous_2)","decl":{"start":{"line":31,"column":32},"end":{"line":31,"column":33}},"loc":{"start":{"line":31,"column":38},"end":{"line":37,"column":3}},"line":31}},"branchMap":{},"s":{"0":0,"1":0,"2":0,"3":0,"4":0,"5":0,"6":0,"7":0,"8":0},"f":{"0":0,"1":0,"2":0},"b":{}}
,"/Users/carlosrodolfosantos/Documents/cursos/rocketseat/gostack/new_jorney/gobarber/app/appgobarber/src/pages/CreateAppointment/index.tsx": {"path":"/Users/carlosrodolfosantos/Documents/cursos/rocketseat/gostack/new_jorney/gobarber/app/appgobarber/src/pages/CreateAppointment/index.tsx","statementMap":{"0":{"start":{"line":46,"column":36},"end":{"line":259,"column":1}},"1":{"start":{"line":47,"column":46},"end":{"line":47,"column":61}},"2":{"start":{"line":48,"column":19},"end":{"line":48,"column":28}},"3":{"start":{"line":49,"column":16},"end":{"line":49,"column":26}},"4":{"start":{"line":50,"column":31},"end":{"line":50,"column":46}},"5":{"start":{"line":51,"column":22},"end":{"line":51,"column":49}},"6":{"start":{"line":53,"column":36},"end":{"line":53,"column":60}},"7":{"start":{"line":54,"column":50},"end":{"line":56,"column":3}},"8":{"start":{"line":57,"column":42},"end":{"line":57,"column":62}},"9":{"start":{"line":58,"column":42},"end":{"line":58,"column":53}},"10":{"start":{"line":59,"column":42},"end":{"line":59,"column":74}},"11":{"start":{"line":61,"column":2},"end":{"line":67,"column":9}},"12":{"start":{"line":62,"column":26},"end":{"line":65,"column":5}},"13":{"start":{"line":63,"column":23},"end":{"line":63,"column":61}},"14":{"start":{"line":64,"column":6},"end":{"line":64,"column":25}},"15":{"start":{"line":66,"column":4},"end":{"line":66,"column":20}},"16":{"start":{"line":69,"column":2},"end":{"line":86,"column":39}},"17":{"start":{"line":70,"column":32},"end":{"line":83,"column":5}},"18":{"start":{"line":71,"column":23},"end":{"line":80,"column":7}},"19":{"start":{"line":82,"column":6},"end":{"line":82,"column":28}},"20":{"start":{"line":85,"column":4},"end":{"line":85,"column":26}},"21":{"start":{"line":88,"column":23},"end":{"line":90,"column":14}},"22":{"start":{"line":89,"column":4},"end":{"line":89,"column":13}},"23":{"start":{"line":92,"column":31},"end":{"line":94,"column":8}},"24":{"start":{"line":93,"column":4},"end":{"line":93,"column":36}},"25":{"start":{"line":96,"column":33},"end":{"line":98,"column":8}},"26":{"start":{"line":97,"column":4},"end":{"line":97,"column":39}},"27":{"start":{"line":97,"column":31},"end":{"line":97,"column":37}},"28":{"start":{"line":100,"column":28},"end":{"line":108,"column":8}},"29":{"start":{"line":101,"column":4},"end":{"line":103,"column":5}},"30":{"start":{"line":102,"column":6},"end":{"line":102,"column":31}},"31":{"start":{"line":105,"column":4},"end":{"line":107,"column":5}},"32":{"start":{"line":106,"column":6},"end":{"line":106,"column":28}},"33":{"start":{"line":110,"column":27},"end":{"line":112,"column":8}},"34":{"start":{"line":111,"column":4},"end":{"line":111,"column":26}},"35":{"start":{"line":114,"column":34},"end":{"line":132,"column":62}},"36":{"start":{"line":115,"column":4},"end":{"line":131,"column":5}},"37":{"start":{"line":116,"column":19},"end":{"line":116,"column":41}},"38":{"start":{"line":117,"column":6},"end":{"line":117,"column":34}},"39":{"start":{"line":118,"column":6},"end":{"line":118,"column":25}},"40":{"start":{"line":120,"column":6},"end":{"line":123,"column":9}},"41":{"start":{"line":125,"column":6},"end":{"line":125,"column":63}},"42":{"start":{"line":127,"column":6},"end":{"line":130,"column":8}},"43":{"start":{"line":134,"column":30},"end":{"line":144,"column":20}},"44":{"start":{"line":135,"column":4},"end":{"line":143,"column":9}},"45":{"start":{"line":136,"column":28},"end":{"line":136,"column":37}},"46":{"start":{"line":138,"column":8},"end":{"line":142,"column":10}},"47":{"start":{"line":146,"column":32},"end":{"line":156,"column":20}},"48":{"start":{"line":147,"column":4},"end":{"line":155,"column":9}},"49":{"start":{"line":148,"column":28},"end":{"line":148,"column":38}},"50":{"start":{"line":150,"column":8},"end":{"line":154,"column":10}},"51":{"start":{"line":158,"column":2},"end":{"line":258,"column":4}},"52":{"start":{"line":176,"column":38},"end":{"line":176,"column":49}},"53":{"start":{"line":178,"column":14},"end":{"line":186,"column":34}},"54":{"start":{"line":179,"column":31},"end":{"line":179,"column":64}},"55":{"start":{"line":216,"column":16},"end":{"line":226,"column":23}},"56":{"start":{"line":221,"column":33},"end":{"line":221,"column":55}},"57":{"start":{"line":236,"column":18},"end":{"line":246,"column":25}},"58":{"start":{"line":241,"column":35},"end":{"line":241,"column":57}}},"fnMap":{"0":{"name":"(anonymous_0)","decl":{"start":{"line":46,"column":36},"end":{"line":46,"column":37}},"loc":{"start":{"line":46,"column":42},"end":{"line":259,"column":1}},"line":46},"1":{"name":"(anonymous_1)","decl":{"start":{"line":61,"column":12},"end":{"line":61,"column":13}},"loc":{"start":{"line":61,"column":18},"end":{"line":67,"column":3}},"line":61},"2":{"name":"(anonymous_2)","decl":{"start":{"line":62,"column":26},"end":{"line":62,"column":27}},"loc":{"start":{"line":62,"column":53},"end":{"line":65,"column":5}},"line":62},"3":{"name":"(anonymous_3)","decl":{"start":{"line":69,"column":12},"end":{"line":69,"column":13}},"loc":{"start":{"line":69,"column":18},"end":{"line":86,"column":3}},"line":69},"4":{"name":"(anonymous_4)","decl":{"start":{"line":70,"column":32},"end":{"line":70,"column":33}},"loc":{"start":{"line":70,"column":59},"end":{"line":83,"column":5}},"line":70},"5":{"name":"(anonymous_5)","decl":{"start":{"line":88,"column":35},"end":{"line":88,"column":36}},"loc":{"start":{"line":88,"column":41},"end":{"line":90,"column":3}},"line":88},"6":{"name":"(anonymous_6)","decl":{"start":{"line":92,"column":43},"end":{"line":92,"column":44}},"loc":{"start":{"line":92,"column":67},"end":{"line":94,"column":3}},"line":92},"7":{"name":"(anonymous_7)","decl":{"start":{"line":96,"column":45},"end":{"line":96,"column":46}},"loc":{"start":{"line":96,"column":51},"end":{"line":98,"column":3}},"line":96},"8":{"name":"(anonymous_8)","decl":{"start":{"line":97,"column":22},"end":{"line":97,"column":23}},"loc":{"start":{"line":97,"column":31},"end":{"line":97,"column":37}},"line":97},"9":{"name":"(anonymous_9)","decl":{"start":{"line":100,"column":40},"end":{"line":100,"column":41}},"loc":{"start":{"line":100,"column":78},"end":{"line":108,"column":3}},"line":100},"10":{"name":"(anonymous_10)","decl":{"start":{"line":110,"column":39},"end":{"line":110,"column":40}},"loc":{"start":{"line":110,"column":57},"end":{"line":112,"column":3}},"line":110},"11":{"name":"(anonymous_11)","decl":{"start":{"line":114,"column":46},"end":{"line":114,"column":47}},"loc":{"start":{"line":114,"column":58},"end":{"line":132,"column":3}},"line":114},"12":{"name":"(anonymous_12)","decl":{"start":{"line":134,"column":38},"end":{"line":134,"column":39}},"loc":{"start":{"line":134,"column":44},"end":{"line":144,"column":3}},"line":134},"13":{"name":"(anonymous_13)","decl":{"start":{"line":136,"column":14},"end":{"line":136,"column":15}},"loc":{"start":{"line":136,"column":28},"end":{"line":136,"column":37}},"line":136},"14":{"name":"(anonymous_14)","decl":{"start":{"line":137,"column":11},"end":{"line":137,"column":12}},"loc":{"start":{"line":137,"column":36},"end":{"line":143,"column":7}},"line":137},"15":{"name":"(anonymous_15)","decl":{"start":{"line":146,"column":40},"end":{"line":146,"column":41}},"loc":{"start":{"line":146,"column":46},"end":{"line":156,"column":3}},"line":146},"16":{"name":"(anonymous_16)","decl":{"start":{"line":148,"column":14},"end":{"line":148,"column":15}},"loc":{"start":{"line":148,"column":28},"end":{"line":148,"column":38}},"line":148},"17":{"name":"(anonymous_17)","decl":{"start":{"line":149,"column":11},"end":{"line":149,"column":12}},"loc":{"start":{"line":149,"column":36},"end":{"line":155,"column":7}},"line":149},"18":{"name":"(anonymous_18)","decl":{"start":{"line":176,"column":26},"end":{"line":176,"column":27}},"loc":{"start":{"line":176,"column":38},"end":{"line":176,"column":49}},"line":176},"19":{"name":"(anonymous_19)","decl":{"start":{"line":177,"column":24},"end":{"line":177,"column":25}},"loc":{"start":{"line":178,"column":14},"end":{"line":186,"column":34}},"line":178},"20":{"name":"(anonymous_20)","decl":{"start":{"line":179,"column":25},"end":{"line":179,"column":26}},"loc":{"start":{"line":179,"column":31},"end":{"line":179,"column":64}},"line":179},"21":{"name":"(anonymous_21)","decl":{"start":{"line":215,"column":39},"end":{"line":215,"column":40}},"loc":{"start":{"line":216,"column":16},"end":{"line":226,"column":23}},"line":216},"22":{"name":"(anonymous_22)","decl":{"start":{"line":221,"column":27},"end":{"line":221,"column":28}},"loc":{"start":{"line":221,"column":33},"end":{"line":221,"column":55}},"line":221},"23":{"name":"(anonymous_23)","decl":{"start":{"line":235,"column":16},"end":{"line":235,"column":17}},"loc":{"start":{"line":236,"column":18},"end":{"line":246,"column":25}},"line":236},"24":{"name":"(anonymous_24)","decl":{"start":{"line":241,"column":29},"end":{"line":241,"column":30}},"loc":{"start":{"line":241,"column":35},"end":{"line":241,"column":57}},"line":241}},"branchMap":{"0":{"loc":{"start":{"line":101,"column":4},"end":{"line":103,"column":5}},"type":"if","locations":[{"start":{"line":101,"column":4},"end":{"line":103,"column":5}},{"start":{"line":101,"column":4},"end":{"line":103,"column":5}}],"line":101},"1":{"loc":{"start":{"line":105,"column":4},"end":{"line":107,"column":5}},"type":"if","locations":[{"start":{"line":105,"column":4},"end":{"line":107,"column":5}},{"start":{"line":105,"column":4},"end":{"line":107,"column":5}}],"line":105},"2":{"loc":{"start":{"line":197,"column":11},"end":{"line":205,"column":11}},"type":"binary-expr","locations":[{"start":{"line":197,"column":11},"end":{"line":197,"column":25}},{"start":{"line":198,"column":12},"end":{"line":204,"column":14}}],"line":197}},"s":{"0":0,"1":0,"2":0,"3":0,"4":0,"5":0,"6":0,"7":0,"8":0,"9":0,"10":0,"11":0,"12":0,"13":0,"14":0,"15":0,"16":0,"17":0,"18":0,"19":0,"20":0,"21":0,"22":0,"23":0,"24":0,"25":0,"26":0,"27":0,"28":0,"29":0,"30":0,"31":0,"32":0,"33":0,"34":0,"35":0,"36":0,"37":0,"38":0,"39":0,"40":0,"41":0,"42":0,"43":0,"44":0,"45":0,"46":0,"47":0,"48":0,"49":0,"50":0,"51":0,"52":0,"53":0,"54":0,"55":0,"56":0,"57":0,"58":0},"f":{"0":0,"1":0,"2":0,"3":0,"4":0,"5":0,"6":0,"7":0,"8":0,"9":0,"10":0,"11":0,"12":0,"13":0,"14":0,"15":0,"16":0,"17":0,"18":0,"19":0,"20":0,"21":0,"22":0,"23":0,"24":0},"b":{"0":[0,0],"1":[0,0],"2":[0,0]}}
,"/Users/carlosrodolfosantos/Documents/cursos/rocketseat/gostack/new_jorney/gobarber/app/appgobarber/src/pages/Dashboard/index.tsx": {"path":"/Users/carlosrodolfosantos/Documents/cursos/rocketseat/gostack/new_jorney/gobarber/app/appgobarber/src/pages/Dashboard/index.tsx","statementMap":{"0":{"start":{"line":27,"column":28},"end":{"line":94,"column":1}},"1":{"start":{"line":28,"column":36},"end":{"line":28,"column":60}},"2":{"start":{"line":30,"column":28},"end":{"line":30,"column":37}},"3":{"start":{"line":31,"column":23},"end":{"line":31,"column":38}},"4":{"start":{"line":35,"column":2},"end":{"line":41,"column":9}},"5":{"start":{"line":36,"column":26},"end":{"line":39,"column":5}},"6":{"start":{"line":37,"column":23},"end":{"line":37,"column":61}},"7":{"start":{"line":38,"column":6},"end":{"line":38,"column":25}},"8":{"start":{"line":40,"column":4},"end":{"line":40,"column":20}},"9":{"start":{"line":43,"column":28},"end":{"line":45,"column":16}},"10":{"start":{"line":44,"column":4},"end":{"line":44,"column":24}},"11":{"start":{"line":47,"column":38},"end":{"line":52,"column":3}},"12":{"start":{"line":49,"column":6},"end":{"line":49,"column":52}},"13":{"start":{"line":54,"column":2},"end":{"line":93,"column":4}},"14":{"start":{"line":67,"column":34},"end":{"line":67,"column":45}},"15":{"start":{"line":72,"column":10},"end":{"line":89,"column":30}},"16":{"start":{"line":73,"column":27},"end":{"line":73,"column":67}}},"fnMap":{"0":{"name":"(anonymous_0)","decl":{"start":{"line":27,"column":28},"end":{"line":27,"column":29}},"loc":{"start":{"line":27,"column":34},"end":{"line":94,"column":1}},"line":27},"1":{"name":"(anonymous_1)","decl":{"start":{"line":35,"column":12},"end":{"line":35,"column":13}},"loc":{"start":{"line":35,"column":18},"end":{"line":41,"column":3}},"line":35},"2":{"name":"(anonymous_2)","decl":{"start":{"line":36,"column":26},"end":{"line":36,"column":27}},"loc":{"start":{"line":36,"column":53},"end":{"line":39,"column":5}},"line":36},"3":{"name":"(anonymous_3)","decl":{"start":{"line":43,"column":40},"end":{"line":43,"column":41}},"loc":{"start":{"line":43,"column":46},"end":{"line":45,"column":3}},"line":43},"4":{"name":"(anonymous_4)","decl":{"start":{"line":48,"column":4},"end":{"line":48,"column":5}},"loc":{"start":{"line":48,"column":28},"end":{"line":50,"column":5}},"line":48},"5":{"name":"(anonymous_5)","decl":{"start":{"line":67,"column":22},"end":{"line":67,"column":23}},"loc":{"start":{"line":67,"column":34},"end":{"line":67,"column":45}},"line":67},"6":{"name":"(anonymous_6)","decl":{"start":{"line":71,"column":20},"end":{"line":71,"column":21}},"loc":{"start":{"line":72,"column":10},"end":{"line":89,"column":30}},"line":72},"7":{"name":"(anonymous_7)","decl":{"start":{"line":73,"column":21},"end":{"line":73,"column":22}},"loc":{"start":{"line":73,"column":27},"end":{"line":73,"column":67}},"line":73}},"branchMap":{},"s":{"0":0,"1":0,"2":0,"3":0,"4":0,"5":0,"6":0,"7":0,"8":0,"9":0,"10":0,"11":0,"12":0,"13":0,"14":0,"15":0,"16":0},"f":{"0":0,"1":0,"2":0,"3":0,"4":0,"5":0,"6":0,"7":0},"b":{}}
,"/Users/carlosrodolfosantos/Documents/cursos/rocketseat/gostack/new_jorney/gobarber/app/appgobarber/src/pages/Profile/index.tsx": {"path":"/Users/carlosrodolfosantos/Documents/cursos/rocketseat/gostack/new_jorney/gobarber/app/appgobarber/src/pages/Profile/index.tsx","statementMap":{"0":{"start":{"line":47,"column":26},"end":{"line":254,"column":1}},"1":{"start":{"line":48,"column":21},"end":{"line":48,"column":36}},"2":{"start":{"line":50,"column":31},"end":{"line":50,"column":40}},"3":{"start":{"line":52,"column":18},"end":{"line":52,"column":43}},"4":{"start":{"line":54,"column":24},"end":{"line":54,"column":47}},"5":{"start":{"line":55,"column":27},"end":{"line":55,"column":50}},"6":{"start":{"line":56,"column":30},"end":{"line":56,"column":53}},"7":{"start":{"line":57,"column":34},"end":{"line":57,"column":57}},"8":{"start":{"line":59,"column":23},"end":{"line":128,"column":3}},"9":{"start":{"line":61,"column":6},"end":{"line":125,"column":7}},"10":{"start":{"line":62,"column":8},"end":{"line":62,"column":39}},"11":{"start":{"line":63,"column":23},"end":{"line":81,"column":10}},"12":{"start":{"line":70,"column":23},"end":{"line":70,"column":35}},"13":{"start":{"line":76,"column":25},"end":{"line":76,"column":37}},"14":{"start":{"line":83,"column":8},"end":{"line":83,"column":59}},"15":{"start":{"line":91,"column":12},"end":{"line":91,"column":16}},"16":{"start":{"line":93,"column":25},"end":{"line":103,"column":9}},"17":{"start":{"line":105,"column":25},"end":{"line":105,"column":60}},"18":{"start":{"line":107,"column":8},"end":{"line":107,"column":34}},"19":{"start":{"line":109,"column":8},"end":{"line":109,"column":58}},"20":{"start":{"line":111,"column":8},"end":{"line":111,"column":28}},"21":{"start":{"line":113,"column":8},"end":{"line":119,"column":9}},"22":{"start":{"line":114,"column":24},"end":{"line":114,"column":46}},"23":{"start":{"line":116,"column":10},"end":{"line":116,"column":44}},"24":{"start":{"line":118,"column":10},"end":{"line":118,"column":17}},"25":{"start":{"line":121,"column":8},"end":{"line":124,"column":10}},"26":{"start":{"line":130,"column":29},"end":{"line":158,"column":24}},"27":{"start":{"line":131,"column":4},"end":{"line":157,"column":6}},"28":{"start":{"line":138,"column":8},"end":{"line":140,"column":9}},"29":{"start":{"line":139,"column":10},"end":{"line":139,"column":17}},"30":{"start":{"line":142,"column":8},"end":{"line":144,"column":9}},"31":{"start":{"line":143,"column":10},"end":{"line":143,"column":64}},"32":{"start":{"line":146,"column":21},"end":{"line":146,"column":35}},"33":{"start":{"line":147,"column":8},"end":{"line":151,"column":11}},"34":{"start":{"line":153,"column":8},"end":{"line":155,"column":11}},"35":{"start":{"line":154,"column":10},"end":{"line":154,"column":36}},"36":{"start":{"line":160,"column":23},"end":{"line":162,"column":18}},"37":{"start":{"line":161,"column":4},"end":{"line":161,"column":24}},"38":{"start":{"line":164,"column":2},"end":{"line":253,"column":4}},"39":{"start":{"line":199,"column":39},"end":{"line":199,"column":69}},"40":{"start":{"line":210,"column":39},"end":{"line":210,"column":75}},"41":{"start":{"line":220,"column":39},"end":{"line":220,"column":72}},"42":{"start":{"line":231,"column":39},"end":{"line":231,"column":79}},"43":{"start":{"line":241,"column":39},"end":{"line":241,"column":68}},"44":{"start":{"line":245,"column":37},"end":{"line":245,"column":66}}},"fnMap":{"0":{"name":"(anonymous_0)","decl":{"start":{"line":47,"column":26},"end":{"line":47,"column":27}},"loc":{"start":{"line":47,"column":32},"end":{"line":254,"column":1}},"line":47},"1":{"name":"(anonymous_1)","decl":{"start":{"line":60,"column":4},"end":{"line":60,"column":5}},"loc":{"start":{"line":60,"column":37},"end":{"line":126,"column":5}},"line":60},"2":{"name":"(anonymous_2)","decl":{"start":{"line":70,"column":16},"end":{"line":70,"column":17}},"loc":{"start":{"line":70,"column":23},"end":{"line":70,"column":35}},"line":70},"3":{"name":"(anonymous_3)","decl":{"start":{"line":76,"column":18},"end":{"line":76,"column":19}},"loc":{"start":{"line":76,"column":25},"end":{"line":76,"column":37}},"line":76},"4":{"name":"(anonymous_4)","decl":{"start":{"line":130,"column":41},"end":{"line":130,"column":42}},"loc":{"start":{"line":130,"column":47},"end":{"line":158,"column":3}},"line":130},"5":{"name":"(anonymous_5)","decl":{"start":{"line":137,"column":6},"end":{"line":137,"column":7}},"loc":{"start":{"line":137,"column":44},"end":{"line":156,"column":7}},"line":137},"6":{"name":"(anonymous_6)","decl":{"start":{"line":153,"column":45},"end":{"line":153,"column":46}},"loc":{"start":{"line":153,"column":57},"end":{"line":155,"column":9}},"line":153},"7":{"name":"(anonymous_7)","decl":{"start":{"line":160,"column":35},"end":{"line":160,"column":36}},"loc":{"start":{"line":160,"column":41},"end":{"line":162,"column":3}},"line":160},"8":{"name":"(anonymous_8)","decl":{"start":{"line":199,"column":33},"end":{"line":199,"column":34}},"loc":{"start":{"line":199,"column":39},"end":{"line":199,"column":69}},"line":199},"9":{"name":"(anonymous_9)","decl":{"start":{"line":210,"column":33},"end":{"line":210,"column":34}},"loc":{"start":{"line":210,"column":39},"end":{"line":210,"column":75}},"line":210},"10":{"name":"(anonymous_10)","decl":{"start":{"line":220,"column":33},"end":{"line":220,"column":34}},"loc":{"start":{"line":220,"column":39},"end":{"line":220,"column":72}},"line":220},"11":{"name":"(anonymous_11)","decl":{"start":{"line":231,"column":33},"end":{"line":231,"column":34}},"loc":{"start":{"line":231,"column":39},"end":{"line":231,"column":79}},"line":231},"12":{"name":"(anonymous_12)","decl":{"start":{"line":241,"column":33},"end":{"line":241,"column":34}},"loc":{"start":{"line":241,"column":39},"end":{"line":241,"column":68}},"line":241},"13":{"name":"(anonymous_13)","decl":{"start":{"line":245,"column":31},"end":{"line":245,"column":32}},"loc":{"start":{"line":245,"column":37},"end":{"line":245,"column":66}},"line":245}},"branchMap":{"0":{"loc":{"start":{"line":96,"column":14},"end":{"line":102,"column":16}},"type":"cond-expr","locations":[{"start":{"line":97,"column":14},"end":{"line":101,"column":15}},{"start":{"line":102,"column":14},"end":{"line":102,"column":16}}],"line":96},"1":{"loc":{"start":{"line":113,"column":8},"end":{"line":119,"column":9}},"type":"if","locations":[{"start":{"line":113,"column":8},"end":{"line":119,"column":9}},{"start":{"line":113,"column":8},"end":{"line":119,"column":9}}],"line":113},"2":{"loc":{"start":{"line":138,"column":8},"end":{"line":140,"column":9}},"type":"if","locations":[{"start":{"line":138,"column":8},"end":{"line":140,"column":9}},{"start":{"line":138,"column":8},"end":{"line":140,"column":9}}],"line":138},"3":{"loc":{"start":{"line":142,"column":8},"end":{"line":144,"column":9}},"type":"if","locations":[{"start":{"line":142,"column":8},"end":{"line":144,"column":9}},{"start":{"line":142,"column":8},"end":{"line":144,"column":9}}],"line":142},"4":{"loc":{"start":{"line":168,"column":18},"end":{"line":168,"column":63}},"type":"cond-expr","locations":[{"start":{"line":168,"column":42},"end":{"line":168,"column":51}},{"start":{"line":168,"column":54},"end":{"line":168,"column":63}}],"line":168}},"s":{"0":0,"1":0,"2":0,"3":0,"4":0,"5":0,"6":0,"7":0,"8":0,"9":0,"10":0,"11":0,"12":0,"13":0,"14":0,"15":0,"16":0,"17":0,"18":0,"19":0,"20":0,"21":0,"22":0,"23":0,"24":0,"25":0,"26":0,"27":0,"28":0,"29":0,"30":0,"31":0,"32":0,"33":0,"34":0,"35":0,"36":0,"37":0,"38":0,"39":0,"40":0,"41":0,"42":0,"43":0,"44":0},"f":{"0":0,"1":0,"2":0,"3":0,"4":0,"5":0,"6":0,"7":0,"8":0,"9":0,"10":0,"11":0,"12":0,"13":0},"b":{"0":[0,0],"1":[0,0],"2":[0,0],"3":[0,0],"4":[0,0]}}
,"/Users/carlosrodolfosantos/Documents/cursos/rocketseat/gostack/new_jorney/gobarber/app/appgobarber/src/pages/SignIn/index.tsx": {"path":"/Users/carlosrodolfosantos/Documents/cursos/rocketseat/gostack/new_jorney/gobarber/app/appgobarber/src/pages/SignIn/index.tsx","statementMap":{"0":{"start":{"line":41,"column":25},"end":{"line":143,"column":1}},"1":{"start":{"line":42,"column":21},"end":{"line":42,"column":36}},"2":{"start":{"line":43,"column":18},"end":{"line":43,"column":43}},"3":{"start":{"line":44,"column":27},"end":{"line":44,"column":50}},"4":{"start":{"line":46,"column":21},"end":{"line":46,"column":30}},"5":{"start":{"line":48,"column":23},"end":{"line":82,"column":3}},"6":{"start":{"line":50,"column":6},"end":{"line":79,"column":7}},"7":{"start":{"line":51,"column":8},"end":{"line":51,"column":39}},"8":{"start":{"line":52,"column":23},"end":{"line":57,"column":10}},"9":{"start":{"line":59,"column":8},"end":{"line":59,"column":59}},"10":{"start":{"line":60,"column":8},"end":{"line":63,"column":11}},"11":{"start":{"line":67,"column":8},"end":{"line":73,"column":9}},"12":{"start":{"line":68,"column":24},"end":{"line":68,"column":46}},"13":{"start":{"line":70,"column":10},"end":{"line":70,"column":44}},"14":{"start":{"line":72,"column":10},"end":{"line":72,"column":17}},"15":{"start":{"line":75,"column":8},"end":{"line":78,"column":10}},"16":{"start":{"line":84,"column":2},"end":{"line":142,"column":4}},"17":{"start":{"line":114,"column":39},"end":{"line":114,"column":72}},"18":{"start":{"line":123,"column":39},"end":{"line":123,"column":68}},"19":{"start":{"line":125,"column":37},"end":{"line":125,"column":66}},"20":{"start":{"line":137,"column":42},"end":{"line":137,"column":71}}},"fnMap":{"0":{"name":"(anonymous_0)","decl":{"start":{"line":41,"column":25},"end":{"line":41,"column":26}},"loc":{"start":{"line":41,"column":31},"end":{"line":143,"column":1}},"line":41},"1":{"name":"(anonymous_1)","decl":{"start":{"line":49,"column":4},"end":{"line":49,"column":5}},"loc":{"start":{"line":49,"column":36},"end":{"line":80,"column":5}},"line":49},"2":{"name":"(anonymous_2)","decl":{"start":{"line":114,"column":33},"end":{"line":114,"column":34}},"loc":{"start":{"line":114,"column":39},"end":{"line":114,"column":72}},"line":114},"3":{"name":"(anonymous_3)","decl":{"start":{"line":123,"column":33},"end":{"line":123,"column":34}},"loc":{"start":{"line":123,"column":39},"end":{"line":123,"column":68}},"line":123},"4":{"name":"(anonymous_4)","decl":{"start":{"line":125,"column":31},"end":{"line":125,"column":32}},"loc":{"start":{"line":125,"column":37},"end":{"line":125,"column":66}},"line":125},"5":{"name":"(anonymous_5)","decl":{"start":{"line":137,"column":36},"end":{"line":137,"column":37}},"loc":{"start":{"line":137,"column":42},"end":{"line":137,"column":71}},"line":137}},"branchMap":{"0":{"loc":{"start":{"line":67,"column":8},"end":{"line":73,"column":9}},"type":"if","locations":[{"start":{"line":67,"column":8},"end":{"line":73,"column":9}},{"start":{"line":67,"column":8},"end":{"line":73,"column":9}}],"line":67},"1":{"loc":{"start":{"line":88,"column":18},"end":{"line":88,"column":63}},"type":"cond-expr","locations":[{"start":{"line":88,"column":42},"end":{"line":88,"column":51}},{"start":{"line":88,"column":54},"end":{"line":88,"column":63}}],"line":88}},"s":{"0":1,"1":1,"2":1,"3":1,"4":1,"5":1,"6":0,"7":0,"8":0,"9":0,"10":0,"11":0,"12":0,"13":0,"14":0,"15":0,"16":1,"17":0,"18":0,"19":0,"20":0},"f":{"0":1,"1":0,"2":0,"3":0,"4":0,"5":0},"b":{"0":[0,0],"1":[1,0]},"_coverageSchema":"1a1c01bbd47fc00a2c39e90264f33305004495a9","hash":"3b05cf6da6405bffc0065a4971bd6afc514fcb2b"}
,"/Users/carlosrodolfosantos/Documents/cursos/rocketseat/gostack/new_jorney/gobarber/app/appgobarber/src/pages/SignUp/index.tsx": {"path":"/Users/carlosrodolfosantos/Documents/cursos/rocketseat/gostack/new_jorney/gobarber/app/appgobarber/src/pages/SignUp/index.tsx","statementMap":{"0":{"start":{"line":35,"column":25},"end":{"line":149,"column":1}},"1":{"start":{"line":36,"column":21},"end":{"line":36,"column":36}},"2":{"start":{"line":38,"column":18},"end":{"line":38,"column":43}},"3":{"start":{"line":40,"column":24},"end":{"line":40,"column":47}},"4":{"start":{"line":41,"column":27},"end":{"line":41,"column":50}},"5":{"start":{"line":43,"column":23},"end":{"line":81,"column":3}},"6":{"start":{"line":45,"column":6},"end":{"line":78,"column":7}},"7":{"start":{"line":46,"column":8},"end":{"line":46,"column":39}},"8":{"start":{"line":47,"column":23},"end":{"line":53,"column":10}},"9":{"start":{"line":55,"column":8},"end":{"line":55,"column":59}},"10":{"start":{"line":57,"column":8},"end":{"line":57,"column":39}},"11":{"start":{"line":59,"column":8},"end":{"line":62,"column":10}},"12":{"start":{"line":64,"column":8},"end":{"line":64,"column":28}},"13":{"start":{"line":66,"column":8},"end":{"line":72,"column":9}},"14":{"start":{"line":67,"column":24},"end":{"line":67,"column":46}},"15":{"start":{"line":69,"column":10},"end":{"line":69,"column":44}},"16":{"start":{"line":71,"column":10},"end":{"line":71,"column":17}},"17":{"start":{"line":74,"column":8},"end":{"line":77,"column":10}},"18":{"start":{"line":83,"column":2},"end":{"line":148,"column":4}},"19":{"start":{"line":110,"column":39},"end":{"line":110,"column":69}},"20":{"start":{"line":121,"column":39},"end":{"line":121,"column":72}},"21":{"start":{"line":131,"column":39},"end":{"line":131,"column":68}},"22":{"start":{"line":135,"column":37},"end":{"line":135,"column":66}},"23":{"start":{"line":143,"column":35},"end":{"line":143,"column":54}}},"fnMap":{"0":{"name":"(anonymous_0)","decl":{"start":{"line":35,"column":25},"end":{"line":35,"column":26}},"loc":{"start":{"line":35,"column":31},"end":{"line":149,"column":1}},"line":35},"1":{"name":"(anonymous_1)","decl":{"start":{"line":44,"column":4},"end":{"line":44,"column":5}},"loc":{"start":{"line":44,"column":36},"end":{"line":79,"column":5}},"line":44},"2":{"name":"(anonymous_2)","decl":{"start":{"line":110,"column":33},"end":{"line":110,"column":34}},"loc":{"start":{"line":110,"column":39},"end":{"line":110,"column":69}},"line":110},"3":{"name":"(anonymous_3)","decl":{"start":{"line":121,"column":33},"end":{"line":121,"column":34}},"loc":{"start":{"line":121,"column":39},"end":{"line":121,"column":72}},"line":121},"4":{"name":"(anonymous_4)","decl":{"start":{"line":131,"column":33},"end":{"line":131,"column":34}},"loc":{"start":{"line":131,"column":39},"end":{"line":131,"column":68}},"line":131},"5":{"name":"(anonymous_5)","decl":{"start":{"line":135,"column":31},"end":{"line":135,"column":32}},"loc":{"start":{"line":135,"column":37},"end":{"line":135,"column":66}},"line":135},"6":{"name":"(anonymous_6)","decl":{"start":{"line":143,"column":29},"end":{"line":143,"column":30}},"loc":{"start":{"line":143,"column":35},"end":{"line":143,"column":54}},"line":143}},"branchMap":{"0":{"loc":{"start":{"line":66,"column":8},"end":{"line":72,"column":9}},"type":"if","locations":[{"start":{"line":66,"column":8},"end":{"line":72,"column":9}},{"start":{"line":66,"column":8},"end":{"line":72,"column":9}}],"line":66},"1":{"loc":{"start":{"line":87,"column":18},"end":{"line":87,"column":63}},"type":"cond-expr","locations":[{"start":{"line":87,"column":42},"end":{"line":87,"column":51}},{"start":{"line":87,"column":54},"end":{"line":87,"column":63}}],"line":87}},"s":{"0":0,"1":0,"2":0,"3":0,"4":0,"5":0,"6":0,"7":0,"8":0,"9":0,"10":0,"11":0,"12":0,"13":0,"14":0,"15":0,"16":0,"17":0,"18":0,"19":0,"20":0,"21":0,"22":0,"23":0},"f":{"0":0,"1":0,"2":0,"3":0,"4":0,"5":0,"6":0},"b":{"0":[0,0],"1":[0,0]}}
}
