TN:
SF:src/components/Button/index.tsx
FN:9,(anonymous_0)
FN:12,(anonymous_1)
FNF:2
FNH:1
FNDA:1,(anonymous_0)
FNDA:0,(anonymous_1)
DA:9,1
DA:10,1
LF:2
LH:2
BRF:0
BRH:0
end_of_record
TN:
SF:src/components/Header/index.tsx
FN:6,(anonymous_0)
FNF:1
FNH:0
FNDA:0,(anonymous_0)
DA:6,0
DA:7,0
LF:2
LH:0
BRF:0
BRH:0
end_of_record
TN:
SF:src/components/Input/index.tsx
FN:28,(anonymous_0)
FN:39,(anonymous_1)
FN:43,(anonymous_2)
FN:48,(anonymous_3)
FN:49,(anonymous_4)
FN:54,(anonymous_5)
FN:59,(anonymous_6)
FN:63,(anonymous_7)
FN:84,(anonymous_8)
FNF:9
FNH:3
FNDA:2,(anonymous_0)
FNDA:0,(anonymous_1)
FNDA:0,(anonymous_2)
FNDA:1,(anonymous_3)
FNDA:0,(anonymous_4)
FNDA:2,(anonymous_5)
FNDA:0,(anonymous_6)
FNDA:0,(anonymous_7)
FNDA:0,(anonymous_8)
DA:28,1
DA:32,2
DA:33,2
DA:34,2
DA:36,2
DA:37,2
DA:39,2
DA:40,0
DA:43,2
DA:44,0
DA:45,0
DA:48,2
DA:50,0
DA:54,2
DA:55,2
DA:60,0
DA:61,0
DA:64,0
DA:65,0
DA:70,2
DA:85,0
LF:21
LH:12
BRDA:29,0,0,2
BRDA:33,1,0,2
BRDA:75,2,0,0
BRDA:75,2,1,2
BRDA:75,3,0,2
BRDA:75,3,1,2
BRF:6
BRH:5
end_of_record
TN:
SF:src/hooks/auth.tsx
FN:38,(anonymous_0)
FN:42,(anonymous_1)
FN:43,(anonymous_2)
FN:60,(anonymous_3)
FN:75,(anonymous_4)
FN:82,(anonymous_5)
FN:101,(anonymous_6)
FNF:7
FNH:1
FNDA:0,(anonymous_0)
FNDA:0,(anonymous_1)
FNDA:0,(anonymous_2)
FNDA:0,(anonymous_3)
FNDA:0,(anonymous_4)
FNDA:0,(anonymous_5)
FNDA:1,(anonymous_6)
DA:36,1
DA:38,1
DA:39,0
DA:40,0
DA:42,0
DA:43,0
DA:44,0
DA:49,0
DA:50,0
DA:51,0
DA:54,0
DA:57,0
DA:60,0
DA:61,0
DA:65,0
DA:67,0
DA:71,0
DA:72,0
DA:75,0
DA:76,0
DA:78,0
DA:81,0
DA:83,0
DA:84,0
DA:92,0
DA:101,1
DA:102,1
DA:104,1
DA:105,0
DA:108,1
LF:30
LH:6
BRDA:49,0,0,0
BRDA:49,0,1,0
BRDA:49,1,0,0
BRDA:49,1,1,0
BRDA:104,2,0,0
BRDA:104,2,1,1
BRF:6
BRH:1
end_of_record
TN:
SF:src/pages/AppointmentCreated/index.tsx
FN:18,(anonymous_0)
FN:24,(anonymous_1)
FN:31,(anonymous_2)
FNF:3
FNH:0
FNDA:0,(anonymous_0)
FNDA:0,(anonymous_1)
FNDA:0,(anonymous_2)
DA:18,0
DA:19,0
DA:20,0
DA:22,0
DA:24,0
DA:25,0
DA:31,0
DA:32,0
DA:39,0
LF:9
LH:0
BRF:0
BRH:0
end_of_record
TN:
SF:src/pages/CreateAppointment/index.tsx
FN:46,(anonymous_0)
FN:61,(anonymous_1)
FN:62,(anonymous_2)
FN:69,(anonymous_3)
FN:70,(anonymous_4)
FN:88,(anonymous_5)
FN:92,(anonymous_6)
FN:96,(anonymous_7)
FN:97,(anonymous_8)
FN:100,(anonymous_9)
FN:110,(anonymous_10)
FN:114,(anonymous_11)
FN:134,(anonymous_12)
FN:136,(anonymous_13)
FN:137,(anonymous_14)
FN:146,(anonymous_15)
FN:148,(anonymous_16)
FN:149,(anonymous_17)
FN:176,(anonymous_18)
FN:177,(anonymous_19)
FN:179,(anonymous_20)
FN:215,(anonymous_21)
FN:221,(anonymous_22)
FN:235,(anonymous_23)
FN:241,(anonymous_24)
FNF:25
FNH:0
FNDA:0,(anonymous_0)
FNDA:0,(anonymous_1)
FNDA:0,(anonymous_2)
FNDA:0,(anonymous_3)
FNDA:0,(anonymous_4)
FNDA:0,(anonymous_5)
FNDA:0,(anonymous_6)
FNDA:0,(anonymous_7)
FNDA:0,(anonymous_8)
FNDA:0,(anonymous_9)
FNDA:0,(anonymous_10)
FNDA:0,(anonymous_11)
FNDA:0,(anonymous_12)
FNDA:0,(anonymous_13)
FNDA:0,(anonymous_14)
FNDA:0,(anonymous_15)
FNDA:0,(anonymous_16)
FNDA:0,(anonymous_17)
FNDA:0,(anonymous_18)
FNDA:0,(anonymous_19)
FNDA:0,(anonymous_20)
FNDA:0,(anonymous_21)
FNDA:0,(anonymous_22)
FNDA:0,(anonymous_23)
FNDA:0,(anonymous_24)
DA:46,0
DA:47,0
DA:48,0
DA:49,0
DA:50,0
DA:51,0
DA:53,0
DA:54,0
DA:57,0
DA:58,0
DA:59,0
DA:61,0
DA:62,0
DA:63,0
DA:64,0
DA:66,0
DA:69,0
DA:70,0
DA:71,0
DA:82,0
DA:85,0
DA:88,0
DA:89,0
DA:92,0
DA:93,0
DA:96,0
DA:97,0
DA:100,0
DA:101,0
DA:102,0
DA:105,0
DA:106,0
DA:110,0
DA:111,0
DA:114,0
DA:115,0
DA:116,0
DA:117,0
DA:118,0
DA:120,0
DA:125,0
DA:127,0
DA:134,0
DA:135,0
DA:136,0
DA:138,0
DA:146,0
DA:147,0
DA:148,0
DA:150,0
DA:158,0
DA:176,0
DA:178,0
DA:179,0
DA:216,0
DA:221,0
DA:236,0
DA:241,0
LF:58
LH:0
BRDA:101,0,0,0
BRDA:101,0,1,0
BRDA:105,1,0,0
BRDA:105,1,1,0
BRDA:197,2,0,0
BRDA:197,2,1,0
BRF:6
BRH:0
end_of_record
TN:
SF:src/pages/Dashboard/index.tsx
FN:27,(anonymous_0)
FN:35,(anonymous_1)
FN:36,(anonymous_2)
FN:43,(anonymous_3)
FN:48,(anonymous_4)
FN:67,(anonymous_5)
FN:71,(anonymous_6)
FN:73,(anonymous_7)
FNF:8
FNH:0
FNDA:0,(anonymous_0)
FNDA:0,(anonymous_1)
FNDA:0,(anonymous_2)
FNDA:0,(anonymous_3)
FNDA:0,(anonymous_4)
FNDA:0,(anonymous_5)
FNDA:0,(anonymous_6)
FNDA:0,(anonymous_7)
DA:27,0
DA:28,0
DA:30,0
DA:31,0
DA:35,0
DA:36,0
DA:37,0
DA:38,0
DA:40,0
DA:43,0
DA:44,0
DA:47,0
DA:49,0
DA:54,0
DA:67,0
DA:72,0
DA:73,0
LF:17
LH:0
BRF:0
BRH:0
end_of_record
TN:
SF:src/pages/Profile/index.tsx
FN:47,(anonymous_0)
FN:60,(anonymous_1)
FN:70,(anonymous_2)
FN:76,(anonymous_3)
FN:130,(anonymous_4)
FN:137,(anonymous_5)
FN:153,(anonymous_6)
FN:160,(anonymous_7)
FN:199,(anonymous_8)
FN:210,(anonymous_9)
FN:220,(anonymous_10)
FN:231,(anonymous_11)
FN:241,(anonymous_12)
FN:245,(anonymous_13)
FNF:14
FNH:0
FNDA:0,(anonymous_0)
FNDA:0,(anonymous_1)
FNDA:0,(anonymous_2)
FNDA:0,(anonymous_3)
FNDA:0,(anonymous_4)
FNDA:0,(anonymous_5)
FNDA:0,(anonymous_6)
FNDA:0,(anonymous_7)
FNDA:0,(anonymous_8)
FNDA:0,(anonymous_9)
FNDA:0,(anonymous_10)
FNDA:0,(anonymous_11)
FNDA:0,(anonymous_12)
FNDA:0,(anonymous_13)
DA:47,0
DA:48,0
DA:50,0
DA:52,0
DA:54,0
DA:55,0
DA:56,0
DA:57,0
DA:59,0
DA:61,0
DA:62,0
DA:63,0
DA:70,0
DA:76,0
DA:83,0
DA:91,0
DA:93,0
DA:105,0
DA:107,0
DA:109,0
DA:111,0
DA:113,0
DA:114,0
DA:116,0
DA:118,0
DA:121,0
DA:130,0
DA:131,0
DA:138,0
DA:139,0
DA:142,0
DA:143,0
DA:146,0
DA:147,0
DA:153,0
DA:154,0
DA:160,0
DA:161,0
DA:164,0
DA:199,0
DA:210,0
DA:220,0
DA:231,0
DA:241,0
DA:245,0
LF:45
LH:0
BRDA:96,0,0,0
BRDA:96,0,1,0
BRDA:113,1,0,0
BRDA:113,1,1,0
BRDA:138,2,0,0
BRDA:138,2,1,0
BRDA:142,3,0,0
BRDA:142,3,1,0
BRDA:168,4,0,0
BRDA:168,4,1,0
BRF:10
BRH:0
end_of_record
TN:
SF:src/pages/SignIn/index.tsx
FN:41,(anonymous_0)
FN:49,(anonymous_1)
FN:114,(anonymous_2)
FN:123,(anonymous_3)
FN:125,(anonymous_4)
FN:137,(anonymous_5)
FNF:6
FNH:1
FNDA:1,(anonymous_0)
FNDA:0,(anonymous_1)
FNDA:0,(anonymous_2)
FNDA:0,(anonymous_3)
FNDA:0,(anonymous_4)
FNDA:0,(anonymous_5)
DA:41,1
DA:42,1
DA:43,1
DA:44,1
DA:46,1
DA:48,1
DA:50,0
DA:51,0
DA:52,0
DA:59,0
DA:60,0
DA:67,0
DA:68,0
DA:70,0
DA:72,0
DA:75,0
DA:84,1
DA:114,0
DA:123,0
DA:125,0
DA:137,0
LF:21
LH:7
BRDA:67,0,0,0
BRDA:67,0,1,0
BRDA:88,1,0,1
BRDA:88,1,1,0
BRF:4
BRH:1
end_of_record
TN:
SF:src/pages/SignUp/index.tsx
FN:35,(anonymous_0)
FN:44,(anonymous_1)
FN:110,(anonymous_2)
FN:121,(anonymous_3)
FN:131,(anonymous_4)
FN:135,(anonymous_5)
FN:143,(anonymous_6)
FNF:7
FNH:0
FNDA:0,(anonymous_0)
FNDA:0,(anonymous_1)
FNDA:0,(anonymous_2)
FNDA:0,(anonymous_3)
FNDA:0,(anonymous_4)
FNDA:0,(anonymous_5)
FNDA:0,(anonymous_6)
DA:35,0
DA:36,0
DA:38,0
DA:40,0
DA:41,0
DA:43,0
DA:45,0
DA:46,0
DA:47,0
DA:55,0
DA:57,0
DA:59,0
DA:64,0
DA:66,0
DA:67,0
DA:69,0
DA:71,0
DA:74,0
DA:83,0
DA:110,0
DA:121,0
DA:131,0
DA:135,0
DA:143,0
LF:24
LH:0
BRDA:66,0,0,0
BRDA:66,0,1,0
BRDA:87,1,0,0
BRDA:87,1,1,0
BRF:4
BRH:0
end_of_record
